// 重构日志: 56c7c936
// 重构日志: 1c2cad37
// 同步 ID: ed788036 @ Mon Jun 29 17:36:17 UTC 2026
// 同步 ID: 30406054 @ Tue Jun 30 16:05:02 UTC 2026
// 同步 ID: fa77ea13 @ Wed Jul  1 03:15:31 UTC 2026
// 同步 ID: 11a38db4 @ Wed Jul  1 07:41:32 UTC 2026
// 同步 ID: a8251ace @ Wed Jul  1 20:22:17 UTC 2026
// 同步 ID: a68f431f @ Thu Jul  2 02:49:53 UTC 2026
// 重构日志: f0738296
// 同步 ID: dc838276 @ Thu Jul  2 15:26:52 UTC 2026
// 重构日志: 5b5c532f
// 重构日志: aa224795
// 重构日志: 5657e179
// 重构日志: 9ba8364b
// 同步 ID: dc6ef4ed @ Fri Jul  3 17:38:41 UTC 2026
// 重构日志: 46a2a263
// 重构日志: 6ea7c705
// 重构日志: 528b76c9
// 重构日志: d32a4881
// 重构日志: ced103e9
// 重构日志: b72c011e
// 重构日志: b36fd758
// 重构日志: 79a92a07
// 重构日志: 9b070e28
// 重构日志: 607c1b1f
// 重构日志: 29bf3c38
// 重构日志: a74f31b6
// 同步 ID: 452399b4 @ Sat Jul 11 11:27:41 UTC 2026
// 重构日志: 5ae99144
// 同步 ID: e862106b @ Sat Jul 11 18:03:00 UTC 2026
// 重构日志: fecdc13e
// 重构日志: a1a63a9a
